Compiling the C compiler identification source file "CMakeCCompilerId.c" failed.
Compiler: /Applications/Xcode.app/Contents/Developer/Toolchains/XcodeDefault.xctoolchain/usr/bin/cc 
Build flags: 
Id flags: 

The output was:
1
ld: library 'System' not found
cc: error: linker command failed with exit code 1 (use -v to see invocation)


Compiling the CXX compiler identification source file "CMakeCXXCompilerId.cpp" failed.
Compiler: /Applications/Xcode.app/Contents/Developer/Toolchains/XcodeDefault.xctoolchain/usr/bin/c++ 
Build flags: 
Id flags: 

The output was:
1
ld: library 'c++' not found
c++: error: linker command failed with exit code 1 (use -v to see invocation)


Determining if the function gethostbyaddr_r, exists failed with the following output:
Change Dir: /Users/user/Desktop/messyq/CMakeFiles/CMakeTmp

Run Build Command:"/usr/bin/make" "cmTC_e6808/fast"
/Applications/Xcode.app/Contents/Developer/usr/bin/make -f CMakeFiles/cmTC_e6808.dir/build.make CMakeFiles/cmTC_e6808.dir/build
Building C object CMakeFiles/cmTC_e6808.dir/CheckFunctionExists.c.o
/Applications/Xcode.app/Contents/Developer/Toolchains/XcodeDefault.xctoolchain/usr/bin/cc    -DCHECK_FUNCTION_EXISTS=gethostbyaddr_r, -isysroot /Applications/Xcode.app/Contents/Developer/Platforms/MacOSX.platform/Developer/SDKs/MacOSX15.2.sdk -mmacosx-version-min=14.7   -o CMakeFiles/cmTC_e6808.dir/CheckFunctionExists.c.o   -c /usr/local/share/cmake-3.4/Modules/CheckFunctionExists.c
/usr/local/share/cmake-3.4/Modules/CheckFunctionExists.c:6:28: error: expected identifier or '('
    6 | char CHECK_FUNCTION_EXISTS();
      |                            ^
/usr/local/share/cmake-3.4/Modules/CheckFunctionExists.c:14:25: error: expected expression
   14 |   CHECK_FUNCTION_EXISTS();
      |                         ^
2 errors generated.
make[1]: *** [CMakeFiles/cmTC_e6808.dir/CheckFunctionExists.c.o] Error 1
make: *** [cmTC_e6808/fast] Error 2


Determining if the function gethostbyname_r, exists failed with the following output:
Change Dir: /Users/user/Desktop/messyq/CMakeFiles/CMakeTmp

Run Build Command:"/usr/bin/make" "cmTC_cdbf2/fast"
/Applications/Xcode.app/Contents/Developer/usr/bin/make -f CMakeFiles/cmTC_cdbf2.dir/build.make CMakeFiles/cmTC_cdbf2.dir/build
Building C object CMakeFiles/cmTC_cdbf2.dir/CheckFunctionExists.c.o
/Applications/Xcode.app/Contents/Developer/Toolchains/XcodeDefault.xctoolchain/usr/bin/cc    -DCHECK_FUNCTION_EXISTS=gethostbyname_r, -isysroot /Applications/Xcode.app/Contents/Developer/Platforms/MacOSX.platform/Developer/SDKs/MacOSX15.2.sdk -mmacosx-version-min=14.7   -o CMakeFiles/cmTC_cdbf2.dir/CheckFunctionExists.c.o   -c /usr/local/share/cmake-3.4/Modules/CheckFunctionExists.c
/usr/local/share/cmake-3.4/Modules/CheckFunctionExists.c:6:28: error: expected identifier or '('
    6 | char CHECK_FUNCTION_EXISTS();
      |                            ^
/usr/local/share/cmake-3.4/Modules/CheckFunctionExists.c:14:25: error: expected expression
   14 |   CHECK_FUNCTION_EXISTS();
      |                         ^
2 errors generated.
make[1]: *** [CMakeFiles/cmTC_cdbf2.dir/CheckFunctionExists.c.o] Error 1
make: *** [cmTC_cdbf2/fast] Error 2


Determining if the function poll, exists failed with the following output:
Change Dir: /Users/user/Desktop/messyq/CMakeFiles/CMakeTmp

Run Build Command:"/usr/bin/make" "cmTC_01f4c/fast"
/Applications/Xcode.app/Contents/Developer/usr/bin/make -f CMakeFiles/cmTC_01f4c.dir/build.make CMakeFiles/cmTC_01f4c.dir/build
Building C object CMakeFiles/cmTC_01f4c.dir/CheckFunctionExists.c.o
/Applications/Xcode.app/Contents/Developer/Toolchains/XcodeDefault.xctoolchain/usr/bin/cc    -DCHECK_FUNCTION_EXISTS=poll, -isysroot /Applications/Xcode.app/Contents/Developer/Platforms/MacOSX.platform/Developer/SDKs/MacOSX15.2.sdk -mmacosx-version-min=14.7   -o CMakeFiles/cmTC_01f4c.dir/CheckFunctionExists.c.o   -c /usr/local/share/cmake-3.4/Modules/CheckFunctionExists.c
/usr/local/share/cmake-3.4/Modules/CheckFunctionExists.c:6:28: error: expected identifier or '('
    6 | char CHECK_FUNCTION_EXISTS();
      |                            ^
/usr/local/share/cmake-3.4/Modules/CheckFunctionExists.c:14:25: error: expected expression
   14 |   CHECK_FUNCTION_EXISTS();
      |                         ^
2 errors generated.
make[1]: *** [CMakeFiles/cmTC_01f4c.dir/CheckFunctionExists.c.o] Error 1
make: *** [cmTC_01f4c/fast] Error 2


Determining if the function fcntl, exists failed with the following output:
Change Dir: /Users/user/Desktop/messyq/CMakeFiles/CMakeTmp

Run Build Command:"/usr/bin/make" "cmTC_9fce8/fast"
/Applications/Xcode.app/Contents/Developer/usr/bin/make -f CMakeFiles/cmTC_9fce8.dir/build.make CMakeFiles/cmTC_9fce8.dir/build
Building C object CMakeFiles/cmTC_9fce8.dir/CheckFunctionExists.c.o
/Applications/Xcode.app/Contents/Developer/Toolchains/XcodeDefault.xctoolchain/usr/bin/cc    -DCHECK_FUNCTION_EXISTS=fcntl, -isysroot /Applications/Xcode.app/Contents/Developer/Platforms/MacOSX.platform/Developer/SDKs/MacOSX15.2.sdk -mmacosx-version-min=14.7   -o CMakeFiles/cmTC_9fce8.dir/CheckFunctionExists.c.o   -c /usr/local/share/cmake-3.4/Modules/CheckFunctionExists.c
/usr/local/share/cmake-3.4/Modules/CheckFunctionExists.c:6:28: error: expected identifier or '('
    6 | char CHECK_FUNCTION_EXISTS();
      |                            ^
/usr/local/share/cmake-3.4/Modules/CheckFunctionExists.c:14:25: error: expected expression
   14 |   CHECK_FUNCTION_EXISTS();
      |                         ^
2 errors generated.
make[1]: *** [CMakeFiles/cmTC_9fce8.dir/CheckFunctionExists.c.o] Error 1
make: *** [cmTC_9fce8/fast] Error 2


Determining if the function inet_pton, exists failed with the following output:
Change Dir: /Users/user/Desktop/messyq/CMakeFiles/CMakeTmp

Run Build Command:"/usr/bin/make" "cmTC_d17f2/fast"
/Applications/Xcode.app/Contents/Developer/usr/bin/make -f CMakeFiles/cmTC_d17f2.dir/build.make CMakeFiles/cmTC_d17f2.dir/build
Building C object CMakeFiles/cmTC_d17f2.dir/CheckFunctionExists.c.o
/Applications/Xcode.app/Contents/Developer/Toolchains/XcodeDefault.xctoolchain/usr/bin/cc    -DCHECK_FUNCTION_EXISTS=inet_pton, -isysroot /Applications/Xcode.app/Contents/Developer/Platforms/MacOSX.platform/Developer/SDKs/MacOSX15.2.sdk -mmacosx-version-min=14.7   -o CMakeFiles/cmTC_d17f2.dir/CheckFunctionExists.c.o   -c /usr/local/share/cmake-3.4/Modules/CheckFunctionExists.c
/usr/local/share/cmake-3.4/Modules/CheckFunctionExists.c:6:28: error: expected identifier or '('
    6 | char CHECK_FUNCTION_EXISTS();
      |                            ^
/usr/local/share/cmake-3.4/Modules/CheckFunctionExists.c:14:25: error: expected expression
   14 |   CHECK_FUNCTION_EXISTS();
      |                         ^
2 errors generated.
make[1]: *** [CMakeFiles/cmTC_d17f2.dir/CheckFunctionExists.c.o] Error 1
make: *** [cmTC_d17f2/fast] Error 2


Determining if the function inet_ntop, exists failed with the following output:
Change Dir: /Users/user/Desktop/messyq/CMakeFiles/CMakeTmp

Run Build Command:"/usr/bin/make" "cmTC_fee39/fast"
/Applications/Xcode.app/Contents/Developer/usr/bin/make -f CMakeFiles/cmTC_fee39.dir/build.make CMakeFiles/cmTC_fee39.dir/build
Building C object CMakeFiles/cmTC_fee39.dir/CheckFunctionExists.c.o
/Applications/Xcode.app/Contents/Developer/Toolchains/XcodeDefault.xctoolchain/usr/bin/cc    -DCHECK_FUNCTION_EXISTS=inet_ntop, -isysroot /Applications/Xcode.app/Contents/Developer/Platforms/MacOSX.platform/Developer/SDKs/MacOSX15.2.sdk -mmacosx-version-min=14.7   -o CMakeFiles/cmTC_fee39.dir/CheckFunctionExists.c.o   -c /usr/local/share/cmake-3.4/Modules/CheckFunctionExists.c
/usr/local/share/cmake-3.4/Modules/CheckFunctionExists.c:6:28: error: expected identifier or '('
    6 | char CHECK_FUNCTION_EXISTS();
      |                            ^
/usr/local/share/cmake-3.4/Modules/CheckFunctionExists.c:14:25: error: expected expression
   14 |   CHECK_FUNCTION_EXISTS();
      |                         ^
2 errors generated.
make[1]: *** [CMakeFiles/cmTC_fee39.dir/CheckFunctionExists.c.o] Error 1
make: *** [cmTC_fee39/fast] Error 2


Determining if the struct msghdr.msg_flags exist failed with the following output:
Change Dir: /Users/user/Desktop/messyq/CMakeFiles/CMakeTmp

Run Build Command:"/usr/bin/make" "cmTC_c0893/fast"
/Applications/Xcode.app/Contents/Developer/usr/bin/make -f CMakeFiles/cmTC_c0893.dir/build.make CMakeFiles/cmTC_c0893.dir/build
Building C object CMakeFiles/cmTC_c0893.dir/CheckSymbolExists.c.o
/Applications/Xcode.app/Contents/Developer/Toolchains/XcodeDefault.xctoolchain/usr/bin/cc    -isysroot /Applications/Xcode.app/Contents/Developer/Platforms/MacOSX.platform/Developer/SDKs/MacOSX15.2.sdk -mmacosx-version-min=14.7   -o CMakeFiles/cmTC_c0893.dir/CheckSymbolExists.c.o   -c /Users/user/Desktop/messyq/CMakeFiles/CMakeTmp/CheckSymbolExists.c
/Users/user/Desktop/messyq/CMakeFiles/CMakeTmp/CheckSymbolExists.c:7:16: warning: extra tokens at end of #ifndef directive [-Wextra-tokens]
    7 | #ifndef struct msghdr.msg_flags
      |                ^
      |                //
/Users/user/Desktop/messyq/CMakeFiles/CMakeTmp/CheckSymbolExists.c:8:19: error: expected expression
    8 |   return ((int*)(&struct msghdr.msg_flags))[argc];
      |                   ^
1 warning and 1 error generated.
make[1]: *** [CMakeFiles/cmTC_c0893.dir/CheckSymbolExists.c.o] Error 1
make: *** [cmTC_c0893/fast] Error 2

File /Users/user/Desktop/messyq/CMakeFiles/CMakeTmp/CheckSymbolExists.c:
/* */
#include <sys/socket.h>

int main(int argc, char** argv)
{
  (void)argv;
#ifndef struct msghdr.msg_flags
  return ((int*)(&struct msghdr.msg_flags))[argc];
#else
  (void)argc;
  return 0;
#endif
}

Determining if the socklen_t exist failed with the following output:
Change Dir: /Users/user/Desktop/messyq/CMakeFiles/CMakeTmp

Run Build Command:"/usr/bin/make" "cmTC_c022b/fast"
/Applications/Xcode.app/Contents/Developer/usr/bin/make -f CMakeFiles/cmTC_c022b.dir/build.make CMakeFiles/cmTC_c022b.dir/build
Building C object CMakeFiles/cmTC_c022b.dir/CheckSymbolExists.c.o
/Applications/Xcode.app/Contents/Developer/Toolchains/XcodeDefault.xctoolchain/usr/bin/cc    -isysroot /Applications/Xcode.app/Contents/Developer/Platforms/MacOSX.platform/Developer/SDKs/MacOSX15.2.sdk -mmacosx-version-min=14.7   -o CMakeFiles/cmTC_c022b.dir/CheckSymbolExists.c.o   -c /Users/user/Desktop/messyq/CMakeFiles/CMakeTmp/CheckSymbolExists.c
/Users/user/Desktop/messyq/CMakeFiles/CMakeTmp/CheckSymbolExists.c:9:19: error: unexpected type name 'socklen_t': expected expression
    9 |   return ((int*)(&socklen_t))[argc];
      |                   ^
1 error generated.
make[1]: *** [CMakeFiles/cmTC_c022b.dir/CheckSymbolExists.c.o] Error 1
make: *** [cmTC_c022b/fast] Error 2

File /Users/user/Desktop/messyq/CMakeFiles/CMakeTmp/CheckSymbolExists.c:
/* */
#include <sys/types.h>
#include <sys/socket.h>

int main(int argc, char** argv)
{
  (void)argv;
#ifndef socklen_t
  return ((int*)(&socklen_t))[argc];
#else
  (void)argc;
  return 0;
#endif
}

Determining if the function gethostbyaddr_r exists failed with the following output:
Change Dir: /Users/user/Desktop/messyq/CMakeFiles/CMakeTmp

Run Build Command:"/usr/bin/make" "cmTC_b5f42/fast"
/Applications/Xcode.app/Contents/Developer/usr/bin/make -f CMakeFiles/cmTC_b5f42.dir/build.make CMakeFiles/cmTC_b5f42.dir/build
Building C object CMakeFiles/cmTC_b5f42.dir/CheckFunctionExists.c.o
/Applications/Xcode.app/Contents/Developer/Toolchains/XcodeDefault.xctoolchain/usr/bin/cc    -DCHECK_FUNCTION_EXISTS=gethostbyaddr_r -arch x86_64 -isysroot /Applications/Xcode.app/Contents/Developer/Platforms/MacOSX.platform/Developer/SDKs/MacOSX15.2.sdk -mmacosx-version-min=14.7   -o CMakeFiles/cmTC_b5f42.dir/CheckFunctionExists.c.o   -c /usr/local/share/cmake-3.4/Modules/CheckFunctionExists.c
Linking C executable cmTC_b5f42
/usr/local/bin/cmake -E cmake_link_script CMakeFiles/cmTC_b5f42.dir/link.txt --verbose=1
/Applications/Xcode.app/Contents/Developer/Toolchains/XcodeDefault.xctoolchain/usr/bin/cc   -DCHECK_FUNCTION_EXISTS=gethostbyaddr_r -arch x86_64 -isysroot /Applications/Xcode.app/Contents/Developer/Platforms/MacOSX.platform/Developer/SDKs/MacOSX15.2.sdk -mmacosx-version-min=14.7 -Wl,-search_paths_first -Wl,-headerpad_max_install_names   CMakeFiles/cmTC_b5f42.dir/CheckFunctionExists.c.o  -o cmTC_b5f42 
Undefined symbols for architecture x86_64:
  "_gethostbyaddr_r", referenced from:
      _main in CheckFunctionExists.c.o
ld: symbol(s) not found for architecture x86_64
cc: error: linker command failed with exit code 1 (use -v to see invocation)
make[1]: *** [cmTC_b5f42] Error 1
make: *** [cmTC_b5f42/fast] Error 2


Determining if the function gethostbyname_r exists failed with the following output:
Change Dir: /Users/user/Desktop/messyq/CMakeFiles/CMakeTmp

Run Build Command:"/usr/bin/make" "cmTC_ddc5b/fast"
/Applications/Xcode.app/Contents/Developer/usr/bin/make -f CMakeFiles/cmTC_ddc5b.dir/build.make CMakeFiles/cmTC_ddc5b.dir/build
Building C object CMakeFiles/cmTC_ddc5b.dir/CheckFunctionExists.c.o
/Applications/Xcode.app/Contents/Developer/Toolchains/XcodeDefault.xctoolchain/usr/bin/cc    -DCHECK_FUNCTION_EXISTS=gethostbyname_r -arch x86_64 -isysroot /Applications/Xcode.app/Contents/Developer/Platforms/MacOSX.platform/Developer/SDKs/MacOSX15.2.sdk -mmacosx-version-min=14.7   -o CMakeFiles/cmTC_ddc5b.dir/CheckFunctionExists.c.o   -c /usr/local/share/cmake-3.4/Modules/CheckFunctionExists.c
Linking C executable cmTC_ddc5b
/usr/local/bin/cmake -E cmake_link_script CMakeFiles/cmTC_ddc5b.dir/link.txt --verbose=1
/Applications/Xcode.app/Contents/Developer/Toolchains/XcodeDefault.xctoolchain/usr/bin/cc   -DCHECK_FUNCTION_EXISTS=gethostbyname_r -arch x86_64 -isysroot /Applications/Xcode.app/Contents/Developer/Platforms/MacOSX.platform/Developer/SDKs/MacOSX15.2.sdk -mmacosx-version-min=14.7 -Wl,-search_paths_first -Wl,-headerpad_max_install_names   CMakeFiles/cmTC_ddc5b.dir/CheckFunctionExists.c.o  -o cmTC_ddc5b 
Undefined symbols for architecture x86_64:
  "_gethostbyname_r", referenced from:
      _main in CheckFunctionExists.c.o
ld: symbol(s) not found for architecture x86_64
cc: error: linker command failed with exit code 1 (use -v to see invocation)
make[1]: *** [cmTC_ddc5b] Error 1
make: *** [cmTC_ddc5b/fast] Error 2


Determining if the struct msghdr.msg_flags exist failed with the following output:
Change Dir: /Users/user/Desktop/messyq/CMakeFiles/CMakeTmp

Run Build Command:"/usr/bin/make" "cmTC_1ef7f/fast"
/Applications/Xcode.app/Contents/Developer/usr/bin/make -f CMakeFiles/cmTC_1ef7f.dir/build.make CMakeFiles/cmTC_1ef7f.dir/build
Building C object CMakeFiles/cmTC_1ef7f.dir/CheckSymbolExists.c.o
/Applications/Xcode.app/Contents/Developer/Toolchains/XcodeDefault.xctoolchain/usr/bin/cc    -arch x86_64 -isysroot /Applications/Xcode.app/Contents/Developer/Platforms/MacOSX.platform/Developer/SDKs/MacOSX15.2.sdk -mmacosx-version-min=14.7   -o CMakeFiles/cmTC_1ef7f.dir/CheckSymbolExists.c.o   -c /Users/user/Desktop/messyq/CMakeFiles/CMakeTmp/CheckSymbolExists.c
/Users/user/Desktop/messyq/CMakeFiles/CMakeTmp/CheckSymbolExists.c:7:16: warning: extra tokens at end of #ifndef directive [-Wextra-tokens]
    7 | #ifndef struct msghdr.msg_flags
      |                ^
      |                //
/Users/user/Desktop/messyq/CMakeFiles/CMakeTmp/CheckSymbolExists.c:8:19: error: expected expression
    8 |   return ((int*)(&struct msghdr.msg_flags))[argc];
      |                   ^
1 warning and 1 error generated.
make[1]: *** [CMakeFiles/cmTC_1ef7f.dir/CheckSymbolExists.c.o] Error 1
make: *** [cmTC_1ef7f/fast] Error 2

File /Users/user/Desktop/messyq/CMakeFiles/CMakeTmp/CheckSymbolExists.c:
/* */
#include <sys/socket.h>

int main(int argc, char** argv)
{
  (void)argv;
#ifndef struct msghdr.msg_flags
  return ((int*)(&struct msghdr.msg_flags))[argc];
#else
  (void)argc;
  return 0;
#endif
}

Determining if the socklen_t exist failed with the following output:
Change Dir: /Users/user/Desktop/messyq/CMakeFiles/CMakeTmp

Run Build Command:"/usr/bin/make" "cmTC_0da22/fast"
/Applications/Xcode.app/Contents/Developer/usr/bin/make -f CMakeFiles/cmTC_0da22.dir/build.make CMakeFiles/cmTC_0da22.dir/build
Building C object CMakeFiles/cmTC_0da22.dir/CheckSymbolExists.c.o
/Applications/Xcode.app/Contents/Developer/Toolchains/XcodeDefault.xctoolchain/usr/bin/cc    -arch x86_64 -isysroot /Applications/Xcode.app/Contents/Developer/Platforms/MacOSX.platform/Developer/SDKs/MacOSX15.2.sdk -mmacosx-version-min=14.7   -o CMakeFiles/cmTC_0da22.dir/CheckSymbolExists.c.o   -c /Users/user/Desktop/messyq/CMakeFiles/CMakeTmp/CheckSymbolExists.c
/Users/user/Desktop/messyq/CMakeFiles/CMakeTmp/CheckSymbolExists.c:9:19: error: unexpected type name 'socklen_t': expected expression
    9 |   return ((int*)(&socklen_t))[argc];
      |                   ^
1 error generated.
make[1]: *** [CMakeFiles/cmTC_0da22.dir/CheckSymbolExists.c.o] Error 1
make: *** [cmTC_0da22/fast] Error 2

File /Users/user/Desktop/messyq/CMakeFiles/CMakeTmp/CheckSymbolExists.c:
/* */
#include <sys/types.h>
#include <sys/socket.h>

int main(int argc, char** argv)
{
  (void)argv;
#ifndef socklen_t
  return ((int*)(&socklen_t))[argc];
#else
  (void)argc;
  return 0;
#endif
}

